# JRE version: OpenJDK Runtime Environment (21.0.9) (build 21.0.9+-14649483-b1163.86)
# Java VM: OpenJDK 64-Bit Server VM (21.0.9+-14649483-b1163.86, mixed mode, tiered, compressed oops, compressed class ptrs, g1 gc, windows-amd64)
GC Precious Log:
 CardTable entry size: 512
 Card Set container configuration: InlinePtr #cards 5 size 8 Array Of Cards #cards 12 size 40 Howl #buckets 4 coarsen threshold 1843 Howl Bitmap #cards 512 size 80 coarsen threshold 460 Card regions per heap region 1 cards per card region 2048
 CPUs: 12 total, 12 available
 Memory: 16024M
 Large Page Support: Disabled
 NUMA Support: Disabled
 Compressed Oops: Enabled (32-bit)
 Heap Region Size: 1M
 Heap Min Capacity: 8M
 Heap Initial Capacity: 252M
 Heap Max Capacity: 2G
 Pre-touch: Disabled
 Parallel Workers: 10
 Concurrent Workers: 3
 Concurrent Refinement Workers: 10
 Periodic GC: Disabled
Heap:
 garbage-first heap   total 362496K, used 309596K [0x0000000080000000, 0x0000000100000000)
  region size 1024K, 127 young (130048K), 13 survivors (13312K)
 Metaspace       used 189573K, committed 192128K, reserved 1245184K
  class space    used 25262K, committed 26496K, reserved 1048576K
GC Heap History (20 events):
Event: 23.324 GC heap before
{Heap before GC invocations=41 (full 0):
 garbage-first heap   total 309248K, used 258991K [0x0000000080000000, 0x0000000100000000)
  region size 1024K, 69 young (70656K), 2 survivors (2048K)
 Metaspace       used 149323K, committed 151488K, reserved 1179648K
  class space    used 19814K, committed 20864K, reserved 1048576K
}
Event: 23.334 GC heap after
{Heap after GC invocations=42 (full 0):
 garbage-first heap   total 309248K, used 195503K [0x0000000080000000, 0x0000000100000000)
  region size 1024K, 7 young (7168K), 7 survivors (7168K)
 Metaspace       used 149323K, committed 151488K, reserved 1179648K
  class space    used 19814K, committed 20864K, reserved 1048576K
}
Event: 25.471 GC heap before
{Heap before GC invocations=42 (full 0):
 garbage-first heap   total 309248K, used 275375K [0x0000000080000000, 0x0000000100000000)
  region size 1024K, 84 young (86016K), 7 survivors (7168K)
 Metaspace       used 154024K, committed 156224K, reserved 1245184K
  class space    used 20426K, committed 21504K, reserved 1048576K
}
Event: 25.490 GC heap after
{Heap after GC invocations=43 (full 0):
 garbage-first heap   total 309248K, used 194433K [0x0000000080000000, 0x0000000100000000)
  region size 1024K, 9 young (9216K), 9 survivors (9216K)
 Metaspace       used 154024K, committed 156224K, reserved 1245184K
  class space    used 20426K, committed 21504K, reserved 1048576K
}
Event: 26.007 GC heap before
{Heap before GC invocations=43 (full 0):
 garbage-first heap   total 309248K, used 278401K [0x0000000080000000, 0x0000000100000000)
  region size 1024K, 91 young (93184K), 9 survivors (9216K)
 Metaspace       used 154542K, committed 156800K, reserved 1245184K
  class space    used 20493K, committed 21568K, reserved 1048576K
}
Event: 26.041 GC heap after
{Heap after GC invocations=44 (full 0):
 garbage-first heap   total 316416K, used 223219K [0x0000000080000000, 0x0000000100000000)
  region size 1024K, 12 young (12288K), 12 survivors (12288K)
 Metaspace       used 154542K, committed 156800K, reserved 1245184K
  class space    used 20493K, committed 21568K, reserved 1048576K
}
Event: 27.189 GC heap before
{Heap before GC invocations=45 (full 0):
 garbage-first heap   total 316416K, used 239603K [0x0000000080000000, 0x0000000100000000)
  region size 1024K, 66 young (67584K), 12 survivors (12288K)
 Metaspace       used 154844K, committed 157056K, reserved 1245184K
  class space    used 20504K, committed 21568K, reserved 1048576K
}
Event: 27.218 GC heap after
{Heap after GC invocations=46 (full 0):
 garbage-first heap   total 316416K, used 201728K [0x0000000080000000, 0x0000000100000000)
  region size 1024K, 9 young (9216K), 9 survivors (9216K)
 Metaspace       used 154844K, committed 157056K, reserved 1245184K
  class space    used 20504K, committed 21568K, reserved 1048576K
}
Event: 28.113 GC heap before
{Heap before GC invocations=46 (full 0):
 garbage-first heap   total 316416K, used 268288K [0x0000000080000000, 0x0000000100000000)
  region size 1024K, 73 young (74752K), 9 survivors (9216K)
 Metaspace       used 155736K, committed 157952K, reserved 1245184K
  class space    used 20578K, committed 21632K, reserved 1048576K
}
Event: 28.152 GC heap after
{Heap after GC invocations=47 (full 0):
 garbage-first heap   total 316416K, used 207218K [0x0000000080000000, 0x0000000100000000)
  region size 1024K, 10 young (10240K), 10 survivors (10240K)
 Metaspace       used 155736K, committed 157952K, reserved 1245184K
  class space    used 20578K, committed 21632K, reserved 1048576K
}
Event: 30.374 GC heap before
{Heap before GC invocations=47 (full 0):
 garbage-first heap   total 316416K, used 268658K [0x0000000080000000, 0x0000000100000000)
  region size 1024K, 70 young (71680K), 10 survivors (10240K)
 Metaspace       used 159872K, committed 162176K, reserved 1245184K
  class space    used 20982K, committed 22080K, reserved 1048576K
}
Event: 30.394 GC heap after
{Heap after GC invocations=48 (full 0):
 garbage-first heap   total 316416K, used 216480K [0x0000000080000000, 0x0000000100000000)
  region size 1024K, 8 young (8192K), 8 survivors (8192K)
 Metaspace       used 159872K, committed 162176K, reserved 1245184K
  class space    used 20982K, committed 22080K, reserved 1048576K
}
Event: 32.049 GC heap before
{Heap before GC invocations=49 (full 0):
 garbage-first heap   total 362496K, used 275872K [0x0000000080000000, 0x0000000100000000)
  region size 1024K, 66 young (67584K), 8 survivors (8192K)
 Metaspace       used 163449K, committed 165696K, reserved 1245184K
  class space    used 21588K, committed 22656K, reserved 1048576K
}
Event: 32.066 GC heap after
{Heap after GC invocations=50 (full 0):
 garbage-first heap   total 362496K, used 218875K [0x0000000080000000, 0x0000000100000000)
  region size 1024K, 3 young (3072K), 3 survivors (3072K)
 Metaspace       used 163449K, committed 165696K, reserved 1245184K
  class space    used 21588K, committed 22656K, reserved 1048576K
}
Event: 35.004 GC heap before
{Heap before GC invocations=50 (full 0):
 garbage-first heap   total 362496K, used 316155K [0x0000000080000000, 0x0000000100000000)
  region size 1024K, 96 young (98304K), 3 survivors (3072K)
 Metaspace       used 170675K, committed 173120K, reserved 1245184K
  class space    used 22774K, committed 23936K, reserved 1048576K
}
Event: 35.019 GC heap after
{Heap after GC invocations=51 (full 0):
 garbage-first heap   total 362496K, used 219717K [0x0000000080000000, 0x0000000100000000)
  region size 1024K, 6 young (6144K), 6 survivors (6144K)
 Metaspace       used 170675K, committed 173120K, reserved 1245184K
  class space    used 22774K, committed 23936K, reserved 1048576K
}
Event: 38.089 GC heap before
{Heap before GC invocations=51 (full 0):
 garbage-first heap   total 362496K, used 318021K [0x0000000080000000, 0x0000000100000000)
  region size 1024K, 103 young (105472K), 6 survivors (6144K)
 Metaspace       used 173220K, committed 175680K, reserved 1245184K
  class space    used 23111K, committed 24256K, reserved 1048576K
}
Event: 38.123 GC heap after
{Heap after GC invocations=52 (full 0):
 garbage-first heap   total 362496K, used 227363K [0x0000000080000000, 0x0000000100000000)
  region size 1024K, 13 young (13312K), 13 survivors (13312K)
 Metaspace       used 173220K, committed 175680K, reserved 1245184K
  class space    used 23111K, committed 24256K, reserved 1048576K
}
Event: 41.155 GC heap before
{Heap before GC invocations=53 (full 0):
 garbage-first heap   total 362496K, used 288803K [0x0000000080000000, 0x0000000100000000)
  region size 1024K, 109 young (111616K), 13 survivors (13312K)
 Metaspace       used 177825K, committed 180352K, reserved 1245184K
  class space    used 23675K, committed 24896K, reserved 1048576K
}
Event: 41.186 GC heap after
{Heap after GC invocations=54 (full 0):
 garbage-first heap   total 362496K, used 194908K [0x0000000080000000, 0x0000000100000000)
  region size 1024K, 13 young (13312K), 13 survivors (13312K)
 Metaspace       used 177825K, committed 180352K, reserved 1245184K
  class space    used 23675K, committed 24896K, reserved 1048576K
}

